<html>
<head>
<title>TestNG:  Test</title>
<link href="../testng.css" rel="stylesheet" type="text/css" />
<link href="../my-testng.css" rel="stylesheet" type="text/css" />

<style type="text/css">
.log { display: none;} 
.stack-trace { display: none;} 
</style>
<script type="text/javascript">
<!--
function flip(e) {
  current = e.style.display;
  if (current == 'block') {
    e.style.display = 'none';
    return 0;
  }
  else {
    e.style.display = 'block';
    return 1;
  }
}

function toggleBox(szDivId, elem, msg1, msg2)
{
  var res = -1;  if (document.getElementById) {
    res = flip(document.getElementById(szDivId));
  }
  else if (document.all) {
    // this is the way old msie versions work
    res = flip(document.all[szDivId]);
  }
  if(elem) {
    if(res == 0) elem.innerHTML = msg1; else elem.innerHTML = msg2;
  }

}

function toggleAllBoxes() {
  if (document.getElementsByTagName) {
    d = document.getElementsByTagName('div');
    for (i = 0; i < d.length; i++) {
      if (d[i].className == 'log') {
        flip(d[i]);
      }
    }
  }
}

// -->
</script>

</head>
<body>
<h2 align='center'>Test</h2><table border='1' align="center">
<tr>
<td>Tests passed/Failed/Skipped:</td><td>16/1/0</td>
</tr><tr>
<td>Started on:</td><td>Tue Oct 19 16:27:35 IST 2021</td>
</tr>
<tr><td>Total time:</td><td>52 seconds (52102 ms)</td>
</tr><tr>
<td>Included groups:</td><td></td>
</tr><tr>
<td>Excluded groups:</td><td></td>
</tr>
</table><p/>
<small><i>(Hover the method name to see the test class name)</i></small><p/>
<table width='100%' border='1' class='invocation-failed'>
<tr><td colspan='4' align='center'><b>FAILED TESTS</b></td></tr>
<tr><td><b>Test method</b></td>
<td width="30%"><b>Exception</b></td>
<td width="10%"><b>Time (seconds)</b></td>
<td><b>Instance</b></td>
</tr>
<tr>
<td title='ngExtentReport.Amazon.BrandName()'><b>BrandName</b><br>Test class: ngExtentReport.Amazon</td>
<td><div><pre>org.openqa.selenium.ElementClickInterceptedException: element click intercepted: Element &lt;span class=&quot;a-size-base a-color-base&quot; dir=&quot;auto&quot;&gt;...&lt;/span&gt; is not clickable at point (72, 505). Other element would receive the click: &lt;div id=&quot;nav-cover&quot; style=&quot;z-index: auto; height: 8912px; display: block;&quot;&gt;&lt;/div&gt;
  (Session info: chrome=94.0.4606.81)
Build info: version: &apos;3.141.59&apos;, revision: &apos;e82be7d358&apos;, time: &apos;2018-11-14T08:17:03&apos;
System info: host: &apos;PRARTHAA&apos;, ip: &apos;192.168.43.4&apos;, os.name: &apos;Windows 10&apos;, os.arch: &apos;amd64&apos;, os.version: &apos;10.0&apos;, java.version: &apos;1.8.0_192&apos;
Driver info: org.openqa.selenium.chrome.ChromeDriver
Capabilities {acceptInsecureCerts: false, browserName: chrome, browserVersion: 94.0.4606.81, chrome: {chromedriverVersion: 94.0.4606.61 (418b78f5838ed..., userDataDir: C:\Users\DELL\AppData\Local...}, goog:chromeOptions: {debuggerAddress: localhost:52940}, javascriptEnabled: true, networkConnectionEnabled: false, pageLoadStrategy: normal, platform: WINDOWS, platformName: WINDOWS, proxy: Proxy(), setWindowRect: true, strictFileInteractability: false, timeouts: {implicit: 0, pageLoad: 300000, script: 30000}, unhandledPromptBehavior: dismiss and notify, webauthn:extension:credBlob: true, webauthn:extension:largeBlob: true, webauthn:virtualAuthenticators: true}
Session ID: 8b66b4835883d6981583fe2ecf88db25
	at org.openqa.selenium.remote.http.W3CHttpResponseCodec.createException(W3CHttpResponseCodec.java:187)
	at org.openqa.selenium.remote.http.W3CHttpResponseCodec.decode(W3CHttpResponseCodec.java:122)
	at org.openqa.selenium.remote.http.W3CHttpResponseCodec.decode(W3CHttpResponseCodec.java:49)
	at org.openqa.selenium.remote.HttpCommandExecutor.execute(HttpCommandExecutor.java:158)
	at org.openqa.selenium.remote.service.DriverCommandExecutor.execute(DriverCommandExecutor.java:83)
	at org.openqa.selenium.remote.RemoteWebDriver.execute(RemoteWebDriver.java:552)
	at org.openqa.selenium.remote.RemoteWebElement.execute(RemoteWebElement.java:285)
	at org.openqa.selenium.remote.RemoteWebElement.click(RemoteWebElement.java:84)
	at ngExtentReport.Amazon.BrandName(Amazon.java:85)
	at java.util.ArrayList.forEach(ArrayList.java:1257)
... Removed 35 stack frames</pre></div><a href='#' onClick='toggleBox("stack-trace1126185196", this, "Click to show all stack frames", "Click to hide stack frames")'>Click to show all stack frames</a>
<div class='stack-trace' id='stack-trace1126185196'><pre>org.openqa.selenium.ElementClickInterceptedException: element click intercepted: Element &lt;span class=&quot;a-size-base a-color-base&quot; dir=&quot;auto&quot;&gt;...&lt;/span&gt; is not clickable at point (72, 505). Other element would receive the click: &lt;div id=&quot;nav-cover&quot; style=&quot;z-index: auto; height: 8912px; display: block;&quot;&gt;&lt;/div&gt;
  (Session info: chrome=94.0.4606.81)
Build info: version: &apos;3.141.59&apos;, revision: &apos;e82be7d358&apos;, time: &apos;2018-11-14T08:17:03&apos;
System info: host: &apos;PRARTHAA&apos;, ip: &apos;192.168.43.4&apos;, os.name: &apos;Windows 10&apos;, os.arch: &apos;amd64&apos;, os.version: &apos;10.0&apos;, java.version: &apos;1.8.0_192&apos;
Driver info: org.openqa.selenium.chrome.ChromeDriver
Capabilities {acceptInsecureCerts: false, browserName: chrome, browserVersion: 94.0.4606.81, chrome: {chromedriverVersion: 94.0.4606.61 (418b78f5838ed..., userDataDir: C:\Users\DELL\AppData\Local...}, goog:chromeOptions: {debuggerAddress: localhost:52940}, javascriptEnabled: true, networkConnectionEnabled: false, pageLoadStrategy: normal, platform: WINDOWS, platformName: WINDOWS, proxy: Proxy(), setWindowRect: true, strictFileInteractability: false, timeouts: {implicit: 0, pageLoad: 300000, script: 30000}, unhandledPromptBehavior: dismiss and notify, webauthn:extension:credBlob: true, webauthn:extension:largeBlob: true, webauthn:virtualAuthenticators: true}
Session ID: 8b66b4835883d6981583fe2ecf88db25
	at sun.reflect.NativeConstructorAccessorImpl.newInstance0(Native Method)
	at sun.reflect.NativeConstructorAccessorImpl.newInstance(NativeConstructorAccessorImpl.java:62)
	at sun.reflect.DelegatingConstructorAccessorImpl.newInstance(DelegatingConstructorAccessorImpl.java:45)
	at java.lang.reflect.Constructor.newInstance(Constructor.java:423)
	at org.openqa.selenium.remote.http.W3CHttpResponseCodec.createException(W3CHttpResponseCodec.java:187)
	at org.openqa.selenium.remote.http.W3CHttpResponseCodec.decode(W3CHttpResponseCodec.java:122)
	at org.openqa.selenium.remote.http.W3CHttpResponseCodec.decode(W3CHttpResponseCodec.java:49)
	at org.openqa.selenium.remote.HttpCommandExecutor.execute(HttpCommandExecutor.java:158)
	at org.openqa.selenium.remote.service.DriverCommandExecutor.execute(DriverCommandExecutor.java:83)
	at org.openqa.selenium.remote.RemoteWebDriver.execute(RemoteWebDriver.java:552)
	at org.openqa.selenium.remote.RemoteWebElement.execute(RemoteWebElement.java:285)
	at org.openqa.selenium.remote.RemoteWebElement.click(RemoteWebElement.java:84)
	at ngExtentReport.Amazon.BrandName(Amazon.java:85)
	at sun.reflect.NativeMethodAccessorImpl.invoke0(Native Method)
	at sun.reflect.NativeMethodAccessorImpl.invoke(NativeMethodAccessorImpl.java:62)
	at sun.reflect.DelegatingMethodAccessorImpl.invoke(DelegatingMethodAccessorImpl.java:43)
	at java.lang.reflect.Method.invoke(Method.java:498)
	at org.testng.internal.MethodInvocationHelper.invokeMethod(MethodInvocationHelper.java:133)
	at org.testng.internal.TestInvoker.invokeMethod(TestInvoker.java:598)
	at org.testng.internal.TestInvoker.invokeTestMethod(TestInvoker.java:173)
	at org.testng.internal.MethodRunner.runInSequence(MethodRunner.java:46)
	at org.testng.internal.TestInvoker$MethodInvocationAgent.invoke(TestInvoker.java:824)
	at org.testng.internal.TestInvoker.invokeTestMethods(TestInvoker.java:146)
	at org.testng.internal.TestMethodWorker.invokeTestMethods(TestMethodWorker.java:146)
	at org.testng.internal.TestMethodWorker.run(TestMethodWorker.java:128)
	at java.util.ArrayList.forEach(ArrayList.java:1257)
	at org.testng.TestRunner.privateRun(TestRunner.java:794)
	at org.testng.TestRunner.run(TestRunner.java:596)
	at org.testng.SuiteRunner.runTest(SuiteRunner.java:377)
	at org.testng.SuiteRunner.runSequentially(SuiteRunner.java:371)
	at org.testng.SuiteRunner.privateRun(SuiteRunner.java:332)
	at org.testng.SuiteRunner.run(SuiteRunner.java:276)
	at org.testng.SuiteRunnerWorker.runSuite(SuiteRunnerWorker.java:53)
	at org.testng.SuiteRunnerWorker.run(SuiteRunnerWorker.java:96)
	at org.testng.TestNG.runSuitesSequentially(TestNG.java:1212)
	at org.testng.TestNG.runSuitesLocally(TestNG.java:1134)
	at org.testng.TestNG.runSuites(TestNG.java:1063)
	at org.testng.TestNG.run(TestNG.java:1031)
	at org.apache.maven.surefire.testng.TestNGExecutor.run(TestNGExecutor.java:284)
	at org.apache.maven.surefire.testng.TestNGXmlTestSuite.execute(TestNGXmlTestSuite.java:75)
	at org.apache.maven.surefire.testng.TestNGProvider.invoke(TestNGProvider.java:119)
	at org.apache.maven.surefire.booter.ForkedBooter.runSuitesInProcess(ForkedBooter.java:428)
	at org.apache.maven.surefire.booter.ForkedBooter.execute(ForkedBooter.java:162)
	at org.apache.maven.surefire.booter.ForkedBooter.run(ForkedBooter.java:562)
	at org.apache.maven.surefire.booter.ForkedBooter.main(ForkedBooter.java:548)
</pre></div></td>
<td>1</td>
<td>ngExtentReport.Amazon@1e6d1014</td></tr>
</table><p>
<table width='100%' border='1' class='invocation-passed'>
<tr><td colspan='4' align='center'><b>PASSED TESTS</b></td></tr>
<tr><td><b>Test method</b></td>
<td width="30%"><b>Exception</b></td>
<td width="10%"><b>Time (seconds)</b></td>
<td><b>Instance</b></td>
</tr>
<tr>
<td title='ngExtentReport.PrimusBank.Logout()'><b>Logout</b><br>Test class: ngExtentReport.PrimusBank</td>
<td></td>
<td>1</td>
<td>ngExtentReport.PrimusBank@26aa12dd</td></tr>
<tr>
<td title='ngExtentReport.Amazon.Application()'><b>Application</b><br>Test class: ngExtentReport.Amazon</td>
<td></td>
<td>27</td>
<td>ngExtentReport.Amazon@1e6d1014</td></tr>
<tr>
<td title='ngExtentReport.Amazon.SearchMobile()'><b>SearchMobile</b><br>Test class: ngExtentReport.Amazon</td>
<td></td>
<td>6</td>
<td>ngExtentReport.Amazon@1e6d1014</td></tr>
<tr>
<td title='ngExtentReport.Amazon.LowPriceRange()'><b>LowPriceRange</b><br>Test class: ngExtentReport.Amazon</td>
<td></td>
<td>0</td>
<td>ngExtentReport.Amazon@1e6d1014</td></tr>
<tr>
<td title='ngExtentReport.PrimusBank.Login()'><b>Login</b><br>Test class: ngExtentReport.PrimusBank</td>
<td></td>
<td>1</td>
<td>ngExtentReport.PrimusBank@26aa12dd</td></tr>
<tr>
<td title='ngExtentReport.PrimusBank.City()'><b>City</b><br>Test class: ngExtentReport.PrimusBank</td>
<td></td>
<td>0</td>
<td>ngExtentReport.PrimusBank@26aa12dd</td></tr>
<tr>
<td title='ngExtentReport.PrimusBank.bank()'><b>bank</b><br>Test class: ngExtentReport.PrimusBank</td>
<td></td>
<td>0</td>
<td>ngExtentReport.PrimusBank@26aa12dd</td></tr>
<tr>
<td title='ngExtentReport.Amazon.HighPriceRange()'><b>HighPriceRange</b><br>Test class: ngExtentReport.Amazon</td>
<td></td>
<td>0</td>
<td>ngExtentReport.Amazon@1e6d1014</td></tr>
<tr>
<td title='ngExtentReport.Amazon.validation()'><b>validation</b><br>Test class: ngExtentReport.Amazon</td>
<td></td>
<td>3</td>
<td>ngExtentReport.Amazon@1e6d1014</td></tr>
<tr>
<td title='ngExtentReport.Amazon.GoButton()'><b>GoButton</b><br>Test class: ngExtentReport.Amazon</td>
<td></td>
<td>3</td>
<td>ngExtentReport.Amazon@1e6d1014</td></tr>
<tr>
<td title='ngExtentReport.Amazon.clickonMobile()'><b>clickonMobile</b><br>Test class: ngExtentReport.Amazon</td>
<td></td>
<td>0</td>
<td>ngExtentReport.Amazon@1e6d1014</td></tr>
<tr>
<td title='ngExtentReport.PrimusBank.Country()'><b>Country</b><br>Test class: ngExtentReport.PrimusBank</td>
<td></td>
<td>0</td>
<td>ngExtentReport.PrimusBank@26aa12dd</td></tr>
<tr>
<td title='ngExtentReport.PrimusBank.State()'><b>State</b><br>Test class: ngExtentReport.PrimusBank</td>
<td></td>
<td>0</td>
<td>ngExtentReport.PrimusBank@26aa12dd</td></tr>
<tr>
<td title='ngExtentReport.Amazon.verifyTitle()'><b>verifyTitle</b><br>Test class: ngExtentReport.Amazon</td>
<td></td>
<td>0</td>
<td>ngExtentReport.Amazon@1e6d1014</td></tr>
<tr>
<td title='ngExtentReport.PrimusBank.Application()'><b>Application</b><br>Test class: ngExtentReport.PrimusBank</td>
<td></td>
<td>1</td>
<td>ngExtentReport.PrimusBank@26aa12dd</td></tr>
<tr>
<td title='ngExtentReport.PrimusBank.AvailableBank()'><b>AvailableBank</b><br>Test class: ngExtentReport.PrimusBank</td>
<td></td>
<td>0</td>
<td>ngExtentReport.PrimusBank@26aa12dd</td></tr>
</table><p>
</body>
</html>