<?xml version="1.0" encoding="UTF-8"?>
<!-- Generated by org.testng.reporters.JUnitXMLReporter -->
<testsuite hostname="PRARTHAA" ignored="2" name="Test" tests="17" failures="1" timestamp="2021-10-19T16:28:27 IST" time="52.102" errors="0">
  <testcase name="Application" time="27.746" classname="ngExtentReport.Amazon"/>
  <testcase name="validation" time="3.045" classname="ngExtentReport.Amazon"/>
  <testcase name="verifyTitle" time="0.05" classname="ngExtentReport.Amazon"/>
  <testcase name="SearchMobile" time="6.996" classname="ngExtentReport.Amazon"/>
  <testcase name="clickonMobile" time="0.216" classname="ngExtentReport.Amazon"/>
  <testcase name="BrandName" time="1.769" classname="ngExtentReport.Amazon">
    <failure type="org.openqa.selenium.ElementClickInterceptedException" message="element click intercepted: Element &amp;lt;span class=&amp;quot;a-size-base a-color-base&amp;quot; dir=&amp;quot;auto&amp;quot;&amp;gt;...&amp;lt;/span&amp;gt; is not clickable at point (72, 505). Other element would receive the click: &amp;lt;div id=&amp;quot;nav-cover&amp;quot; style=&amp;quot;z-index: auto; height: 8912px; display: block;&amp;quot;&amp;gt;&amp;lt;/div&amp;gt;
  (Session info: chrome=94.0.4606.81)
Build info: version: &amp;apos;3.141.59&amp;apos;, revision: &amp;apos;e82be7d358&amp;apos;, time: &amp;apos;2018-11-14T08:17:03&amp;apos;
System info: host: &amp;apos;PRARTHAA&amp;apos;, ip: &amp;apos;192.168.43.4&amp;apos;, os.name: &amp;apos;Windows 10&amp;apos;, os.arch: &amp;apos;amd64&amp;apos;, os.version: &amp;apos;10.0&amp;apos;, java.version: &amp;apos;1.8.0_192&amp;apos;
Driver info: org.openqa.selenium.chrome.ChromeDriver
Capabilities {acceptInsecureCerts: false, browserName: chrome, browserVersion: 94.0.4606.81, chrome: {chromedriverVersion: 94.0.4606.61 (418b78f5838ed..., userDataDir: C:\Users\DELL\AppData\Local...}, goog:chromeOptions: {debuggerAddress: localhost:52940}, javascriptEnabled: true, networkConnectionEnabled: false, pageLoadStrategy: normal, platform: WINDOWS, platformName: WINDOWS, proxy: Proxy(), setWindowRect: true, strictFileInteractability: false, timeouts: {implicit: 0, pageLoad: 300000, script: 30000}, unhandledPromptBehavior: dismiss and notify, webauthn:extension:credBlob: true, webauthn:extension:largeBlob: true, webauthn:virtualAuthenticators: true}
Session ID: 8b66b4835883d6981583fe2ecf88db25">
      <![CDATA[org.openqa.selenium.ElementClickInterceptedException: element click intercepted: Element <span class="a-size-base a-color-base" dir="auto">...</span> is not clickable at point (72, 505). Other element would receive the click: <div id="nav-cover" style="z-index: auto; height: 8912px; display: block;"></div>
  (Session info: chrome=94.0.4606.81)
Build info: version: '3.141.59', revision: 'e82be7d358', time: '2018-11-14T08:17:03'
System info: host: 'PRARTHAA', ip: '192.168.43.4', os.name: 'Windows 10', os.arch: 'amd64', os.version: '10.0', java.version: '1.8.0_192'
Driver info: org.openqa.selenium.chrome.ChromeDriver
Capabilities {acceptInsecureCerts: false, browserName: chrome, browserVersion: 94.0.4606.81, chrome: {chromedriverVersion: 94.0.4606.61 (418b78f5838ed..., userDataDir: C:\Users\DELL\AppData\Local...}, goog:chromeOptions: {debuggerAddress: localhost:52940}, javascriptEnabled: true, networkConnectionEnabled: false, pageLoadStrategy: normal, platform: WINDOWS, platformName: WINDOWS, proxy: Proxy(), setWindowRect: true, strictFileInteractability: false, timeouts: {implicit: 0, pageLoad: 300000, script: 30000}, unhandledPromptBehavior: dismiss and notify, webauthn:extension:credBlob: true, webauthn:extension:largeBlob: true, webauthn:virtualAuthenticators: true}
Session ID: 8b66b4835883d6981583fe2ecf88db25
at org.openqa.selenium.remote.http.W3CHttpResponseCodec.createException(W3CHttpResponseCodec.java:187)
at org.openqa.selenium.remote.http.W3CHttpResponseCodec.decode(W3CHttpResponseCodec.java:122)
at org.openqa.selenium.remote.http.W3CHttpResponseCodec.decode(W3CHttpResponseCodec.java:49)
at org.openqa.selenium.remote.HttpCommandExecutor.execute(HttpCommandExecutor.java:158)
at org.openqa.selenium.remote.service.DriverCommandExecutor.execute(DriverCommandExecutor.java:83)
at org.openqa.selenium.remote.RemoteWebDriver.execute(RemoteWebDriver.java:552)
at org.openqa.selenium.remote.RemoteWebElement.execute(RemoteWebElement.java:285)
at org.openqa.selenium.remote.RemoteWebElement.click(RemoteWebElement.java:84)
at ngExtentReport.Amazon.BrandName(Amazon.java:85)
at java.util.ArrayList.forEach(ArrayList.java:1257)
... Removed 35 stack frames]]>
    </failure>
  </testcase> <!-- BrandName -->
  <testcase name="LowPriceRange" time="0.182" classname="ngExtentReport.Amazon"/>
  <testcase name="HighPriceRange" time="0.185" classname="ngExtentReport.Amazon"/>
  <testcase name="GoButton" time="3.885" classname="ngExtentReport.Amazon"/>
  <testcase name="Application" time="1.157" classname="ngExtentReport.PrimusBank"/>
  <testcase name="Login" time="1.03" classname="ngExtentReport.PrimusBank"/>
  <testcase name="bank" time="0.32" classname="ngExtentReport.PrimusBank"/>
  <testcase name="Country" time="0.232" classname="ngExtentReport.PrimusBank"/>
  <testcase name="State" time="0.254" classname="ngExtentReport.PrimusBank"/>
  <testcase name="City" time="0.809" classname="ngExtentReport.PrimusBank"/>
  <testcase name="AvailableBank" time="0.091" classname="ngExtentReport.PrimusBank"/>
  <testcase name="Logout" time="1.82" classname="ngExtentReport.PrimusBank"/>
  <testcase name="@BeforeSuite BrowserLaunch" time="0.0" classname="ngExtentReport.BaseClass">
    <ignored/>
  </testcase> <!-- @BeforeSuite BrowserLaunch -->
  <testcase name="@AfterSuite endsReport" time="0.0" classname="ngExtentReport.BaseClass">
    <ignored/>
  </testcase> <!-- @AfterSuite endsReport -->
</testsuite> <!-- Test -->
